#
# There is insufficient memory for the Java Runtime Environment to continue.
# Native memory allocation (malloc) failed to allocate 1318736 bytes for Chunk::new
# Possible reasons:
#   The system is out of physical RAM or swap space
#   The process is running with CompressedOops enabled, and the Java Heap may be blocking the growth of the native heap
# Possible solutions:
#   Reduce memory load on the system
#   Increase physical memory or swap space
#   Check if swap backing store is full
#   Decrease Java heap size (-Xmx/-Xms)
#   Decrease number of Java threads
#   Decrease Java thread stack sizes (-Xss)
#   Set larger code cache with -XX:ReservedCodeCacheSize=
#   JVM is running with Unscaled Compressed Oops mode in which the Java heap is
#     placed in the first 4GB address space. The Java Heap base address is the
#     maximum limit for the native heap growth. Please use -XX:HeapBaseMinAddress
#     to set the Java Heap base and to place the Java Heap above 4GB virtual address.
# This output file may be truncated or incomplete.
#
#  Out of Memory Error (allocation.cpp:389), pid=32848, tid=0x0000000000009094
#
# JRE version: OpenJDK Runtime Environment (8.0_202-b03) (build 1.8.0_202-release-1483-b03)
# Java VM: OpenJDK 64-Bit Server VM (25.202-b03 mixed mode windows-amd64 compressed oops)
# Failed to write core dump. Minidumps are not enabled by default on client versions of Windows
#

---------------  T H R E A D  ---------------

Current thread (0x0000000018b32000):  JavaThread "C2 CompilerThread1" daemon [_thread_in_native, id=37012, stack(0x00000000193a0000,0x00000000194a0000)]

Stack: [0x00000000193a0000,0x00000000194a0000]
[error occurred during error reporting (printing stack bounds), id 0xc0000005]

Native frames: (J=compiled Java code, j=interpreted, Vv=VM code, C=native code)


Current CompileTask:
C2:  37349 8336       4       com.android.utils.XmlUtils::append (639 bytes)


---------------  P R O C E S S  ---------------

Java Threads: ( => current thread )
  0x00000000229f2800 JavaThread "WorkerExecutor Queue" [_thread_new, id=39732, stack(0x0000000000000000,0x0000000000000000)]
  0x00000000229ed800 JavaThread "Cache worker for execution history cache (E:\asDaShiXun2\Everylesson\.gradle\5.4.1\executionHistory)" [_thread_blocked, id=38228, stack(0x00000000257f0000,0x00000000258f0000)]
  0x00000000229f0800 JavaThread "Execution worker for ':' Thread 7" [_thread_blocked, id=38972, stack(0x0000000025330000,0x0000000025430000)]
  0x00000000229ef800 JavaThread "Execution worker for ':' Thread 6" [_thread_blocked, id=28864, stack(0x0000000025230000,0x0000000025330000)]
  0x00000000229ec800 JavaThread "Execution worker for ':' Thread 5" [_thread_blocked, id=36536, stack(0x0000000025130000,0x0000000025230000)]
  0x00000000229ef000 JavaThread "Execution worker for ':' Thread 4" [_thread_blocked, id=34232, stack(0x0000000025030000,0x0000000025130000)]
  0x00000000229eb800 JavaThread "Execution worker for ':' Thread 3" [_thread_in_Java, id=38308, stack(0x0000000024f30000,0x0000000025030000)]
  0x00000000229ee000 JavaThread "Execution worker for ':' Thread 2" [_thread_blocked, id=38956, stack(0x0000000024e30000,0x0000000024f30000)]
  0x000000002002b800 JavaThread "Execution worker for ':'" [_thread_blocked, id=30100, stack(0x0000000024d30000,0x0000000024e30000)]
  0x0000000020030000 JavaThread "Cache worker for file content cache (E:\asDaShiXun2\Everylesson\.gradle\5.4.1\fileContent)" [_thread_blocked, id=39092, stack(0x0000000024530000,0x0000000024630000)]
  0x000000002002d000 JavaThread "Cache worker for file content cache (C:\Users\lenovo\.gradle\caches\5.4.1\fileContent)" [_thread_blocked, id=39608, stack(0x0000000024430000,0x0000000024530000)]
  0x000000002002d800 JavaThread "Memory manager" [_thread_blocked, id=35676, stack(0x0000000023b10000,0x0000000023c10000)]
  0x000000002002f000 JavaThread "Cache worker for Build Output Cleanup Cache (E:\asDaShiXun2\Everylesson\.gradle\buildOutputCleanup)" [_thread_blocked, id=31884, stack(0x0000000023810000,0x0000000023910000)]
  0x000000002002e800 JavaThread "pool-1-thread-1" [_thread_blocked, id=36056, stack(0x0000000023510000,0x0000000023610000)]
  0x0000000020030800 JavaThread "Build operations Thread 8" [_thread_blocked, id=700, stack(0x0000000023010000,0x0000000023110000)]
  0x0000000020023000 JavaThread "Build operations Thread 7" [_thread_blocked, id=23124, stack(0x0000000022f10000,0x0000000023010000)]
  0x0000000020029000 JavaThread "Build operations Thread 6" [_thread_blocked, id=38076, stack(0x0000000021d80000,0x0000000021e80000)]
  0x0000000020026000 JavaThread "Build operations Thread 5" [_thread_blocked, id=39684, stack(0x0000000021b60000,0x0000000021c60000)]
  0x0000000020028800 JavaThread "Build operations Thread 4" [_thread_blocked, id=39248, stack(0x0000000021a60000,0x0000000021b60000)]
  0x0000000020027000 JavaThread "Build operations Thread 3" [_thread_blocked, id=39764, stack(0x0000000021960000,0x0000000021a60000)]
  0x000000002002a000 JavaThread "Build operations Thread 2" [_thread_blocked, id=24204, stack(0x0000000021860000,0x0000000021960000)]
  0x0000000020027800 JavaThread "Build operations" [_thread_blocked, id=39720, stack(0x0000000021760000,0x0000000021860000)]
  0x0000000020025800 JavaThread "Cache worker for execution history cache (C:\Users\lenovo\.gradle\caches\5.4.1\executionHistory)" [_thread_blocked, id=34940, stack(0x0000000021c80000,0x0000000021d80000)]
  0x0000000020024000 JavaThread "Cache worker for cache directory md-rule (C:\Users\lenovo\.gradle\caches\5.4.1\md-rule)" [_thread_blocked, id=36836, stack(0x0000000021460000,0x0000000021560000)]
  0x000000001a983800 JavaThread "Cache worker for cache directory md-supplier (C:\Users\lenovo\.gradle\caches\5.4.1\md-supplier)" [_thread_blocked, id=34620, stack(0x0000000021360000,0x0000000021460000)]
  0x000000001a984800 JavaThread "Cache worker for file hash cache (E:\asDaShiXun2\Everylesson\.gradle\5.4.1\fileHashes)" [_thread_blocked, id=37300, stack(0x000000001f9d0000,0x000000001fad0000)]
  0x000000001a986000 JavaThread "Cache worker for journal cache (C:\Users\lenovo\.gradle\caches\journal-1)" [_thread_blocked, id=39824, stack(0x000000001c320000,0x000000001c420000)]
  0x000000001a980000 JavaThread "File lock request listener" [_thread_in_native, id=36980, stack(0x000000001c220000,0x000000001c320000)]
  0x000000001a980800 JavaThread "Cache worker for file hash cache (C:\Users\lenovo\.gradle\caches\5.4.1\fileHashes)" [_thread_blocked, id=39644, stack(0x000000001bf20000,0x000000001c020000)]
  0x000000001a1dc000 JavaThread "Thread-9" [_thread_blocked, id=38960, stack(0x000000001be20000,0x000000001bf20000)]
  0x0000000019d61000 JavaThread "Stdin handler" [_thread_blocked, id=39496, stack(0x000000001bd20000,0x000000001be20000)]
  0x0000000019d5e000 JavaThread "Asynchronous log dispatcher for DefaultDaemonConnection: socket connection from /127.0.0.1:61757 to /127.0.0.1:61759" [_thread_blocked, id=7860, stack(0x000000001bc20000,0x000000001bd20000)]
  0x00000000198c2000 JavaThread "Daemon worker" [_thread_blocked, id=38504, stack(0x000000001bb20000,0x000000001bc20000)]
  0x000000001a1c7000 JavaThread "Cancel handler" [_thread_blocked, id=39508, stack(0x000000001ba20000,0x000000001bb20000)]
  0x000000001a135000 JavaThread "Handler for socket connection from /127.0.0.1:61757 to /127.0.0.1:61759" [_thread_in_native, id=39380, stack(0x000000001b720000,0x000000001b820000)]
  0x000000001a132800 JavaThread "Daemon" [_thread_blocked, id=27740, stack(0x000000001b620000,0x000000001b720000)]
  0x000000001a145000 JavaThread "Daemon periodic checks" [_thread_blocked, id=33524, stack(0x000000001b520000,0x000000001b620000)]
  0x000000001a846800 JavaThread "Incoming local TCP Connector on port 61757" [_thread_in_native, id=20420, stack(0x000000001b370000,0x000000001b470000)]
  0x000000001ac79000 JavaThread "Daemon health stats" [_thread_blocked, id=34580, stack(0x000000001b070000,0x000000001b170000)]
  0x0000000018bcb800 JavaThread "Service Thread" daemon [_thread_blocked, id=36344, stack(0x00000000196a0000,0x00000000197a0000)]
  0x0000000018b4e800 JavaThread "C1 CompilerThread3" daemon [_thread_blocked, id=37604, stack(0x00000000195a0000,0x00000000196a0000)]
  0x0000000018b3a800 JavaThread "C2 CompilerThread2" daemon [_thread_blocked, id=21744, stack(0x00000000194a0000,0x00000000195a0000)]
=>0x0000000018b32000 JavaThread "C2 CompilerThread1" daemon [_thread_in_native, id=37012, stack(0x00000000193a0000,0x00000000194a0000)]
  0x0000000018ad8800 JavaThread "C2 CompilerThread0" daemon [_thread_blocked, id=34844, stack(0x00000000192a0000,0x00000000193a0000)]
  0x0000000018ad7800 JavaThread "Attach Listener" daemon [_thread_blocked, id=34144, stack(0x00000000191a0000,0x00000000192a0000)]
  0x0000000018b30800 JavaThread "Signal Dispatcher" daemon [_thread_blocked, id=23456, stack(0x00000000190a0000,0x00000000191a0000)]
  0x0000000002e0d800 JavaThread "Finalizer" daemon [_thread_blocked, id=39588, stack(0x0000000018fa0000,0x00000000190a0000)]
  0x0000000016ccc800 JavaThread "Reference Handler" daemon [_thread_blocked, id=3384, stack(0x0000000018ea0000,0x0000000018fa0000)]
  0x0000000002f0e000 JavaThread "main" [_thread_blocked, id=38548, stack(0x0000000002860000,0x0000000002960000)]

Other Threads:
  0x0000000016cc5800 VMThread [stack: 0x00000000189a0000,0x0000000018aa0000] [id=39760]
  0x0000000018bcc800 WatcherThread [stack: 0x00000000197a0000,0x00000000198a0000] [id=39440]

VM state:not at safepoint (normal execution)

VM Mutex/Monitor currently owned by a thread: None

heap address: 0x00000000a0000000, size: 1536 MB, Compressed Oops mode: 32-bit
Narrow klass base: 0x0000000000000000, Narrow klass shift: 3
Compressed class space size: 1073741824 Address: 0x0000000100000000

Heap:
 PSYoungGen      total 231936K, used 98270K [0x00000000e0000000, 0x00000000f0400000, 0x0000000100000000)
  eden space 212480K, 37% used [0x00000000e0000000,0x00000000e4cffb88,0x00000000ecf80000)
  from space 19456K, 99% used [0x00000000ef100000,0x00000000f03f8050,0x00000000f0400000)
  to   space 25088K, 0% used [0x00000000ed300000,0x00000000ed300000,0x00000000eeb80000)
 ParOldGen       total 117760K, used 47057K [0x00000000a0000000, 0x00000000a7300000, 0x00000000e0000000)
  object space 117760K, 39% used [0x00000000a0000000,0x00000000a2df47c8,0x00000000a7300000)
 Metaspace       used 61980K, capacity 64116K, committed 64472K, reserved 1105920K
  class space    used 8353K, capacity 8849K, committed 8960K, reserved 1048576K

Card table byte_map: [0x00000000122d0000,0x00000000125e0000] byte_map_base: 0x0000000011dd0000

Marking Bits: (ParMarkBitMap*) 0x00000000651e9f30
 Begin Bits: [0x0000000012fe0000, 0x00000000147e0000)
 End Bits:   [0x00000000147e0000, 0x0000000015fe0000)

Polling page: 0x0000000000c30000

CodeCache: size=245760Kb used=23912Kb max_used=24079Kb free=221847Kb
 bounds [0x0000000002f10000, 0x00000000046b0000, 0x0000000011f10000]
 total_blobs=8092 nmethods=7291 adapters=713
 compilation: enabled

Compilation events (10 events):
Event: 37.202 Thread 0x0000000018b4e800 8366       3       java.io.File::<init> (198 bytes)
Event: 37.205 Thread 0x0000000018b4e800 nmethod 8366 0x0000000004678810 code [0x0000000004678b20, 0x000000000467a0c8]
Event: 37.205 Thread 0x0000000018b4e800 8367       3       java.io.WinNTFileSystem::fromURIPath (89 bytes)
Event: 37.206 Thread 0x0000000018b4e800 nmethod 8367 0x0000000004677110 code [0x0000000004677340, 0x0000000004678278]
Event: 37.226 Thread 0x0000000018b4e800 8368       3       com.google.common.collect.ImmutableSet$Builder::add (6 bytes)
Event: 37.227 Thread 0x0000000018b4e800 nmethod 8368 0x000000000464c190 code [0x000000000464c300, 0x000000000464c508]
Event: 37.284 Thread 0x0000000018ad8800 8369       4       java.util.TreeMap$Entry::<init> (25 bytes)
Event: 37.285 Thread 0x0000000018ad8800 nmethod 8369 0x0000000003d6cd10 code [0x0000000003d6ce40, 0x0000000003d6ced8]
Event: 37.318 Thread 0x0000000018b3a800 8370       4       java.io.ObjectOutputStream$BlockDataOutputStream::drain (45 bytes)
Event: 37.337 Thread 0x0000000018ad8800 8371       4       java.net.URI$Parser::checkChars (44 bytes)

GC Heap History (10 events):
Event: 21.705 GC heap before
{Heap before GC invocations=11 (full 2):
 PSYoungGen      total 131072K, used 10570K [0x00000000e0000000, 0x00000000ec300000, 0x0000000100000000)
  eden space 120320K, 0% used [0x00000000e0000000,0x00000000e0000000,0x00000000e7580000)
  from space 10752K, 98% used [0x00000000e7580000,0x00000000e7fd2890,0x00000000e8000000)
  to   space 11776K, 0% used [0x00000000eb780000,0x00000000eb780000,0x00000000ec300000)
 ParOldGen       total 52736K, used 8768K [0x00000000a0000000, 0x00000000a3380000, 0x00000000e0000000)
  object space 52736K, 16% used [0x00000000a0000000,0x00000000a0890218,0x00000000a3380000)
 Metaspace       used 34609K, capacity 35366K, committed 35456K, reserved 1079296K
  class space    used 4758K, capacity 4962K, committed 4992K, reserved 1048576K
Event: 21.799 GC heap after
Heap after GC invocations=11 (full 2):
 PSYoungGen      total 131072K, used 0K [0x00000000e0000000, 0x00000000ec300000, 0x0000000100000000)
  eden space 120320K, 0% used [0x00000000e0000000,0x00000000e0000000,0x00000000e7580000)
  from space 10752K, 0% used [0x00000000e7580000,0x00000000e7580000,0x00000000e8000000)
  to   space 11776K, 0% used [0x00000000eb780000,0x00000000eb780000,0x00000000ec300000)
 ParOldGen       total 74752K, used 17681K [0x00000000a0000000, 0x00000000a4900000, 0x00000000e0000000)
  object space 74752K, 23% used [0x00000000a0000000,0x00000000a11446d8,0x00000000a4900000)
 Metaspace       used 34586K, capacity 35288K, committed 35456K, reserved 1079296K
  class space    used 4751K, capacity 4949K, committed 4992K, reserved 1048576K
}
Event: 24.569 GC heap before
{Heap before GC invocations=12 (full 2):
 PSYoungGen      total 131072K, used 120320K [0x00000000e0000000, 0x00000000ec300000, 0x0000000100000000)
  eden space 120320K, 100% used [0x00000000e0000000,0x00000000e7580000,0x00000000e7580000)
  from space 10752K, 0% used [0x00000000e7580000,0x00000000e7580000,0x00000000e8000000)
  to   space 11776K, 0% used [0x00000000eb780000,0x00000000eb780000,0x00000000ec300000)
 ParOldGen       total 74752K, used 17681K [0x00000000a0000000, 0x00000000a4900000, 0x00000000e0000000)
  object space 74752K, 23% used [0x00000000a0000000,0x00000000a11446d8,0x00000000a4900000)
 Metaspace       used 45578K, capacity 46714K, committed 46976K, reserved 1089536K
  class space    used 6131K, capacity 6450K, committed 6528K, reserved 1048576K
Event: 24.591 GC heap after
Heap after GC invocations=12 (full 2):
 PSYoungGen      total 177152K, used 11759K [0x00000000e0000000, 0x00000000ec300000, 0x0000000100000000)
  eden space 165376K, 0% used [0x00000000e0000000,0x00000000e0000000,0x00000000ea180000)
  from space 11776K, 99% used [0x00000000eb780000,0x00000000ec2fbce8,0x00000000ec300000)
  to   space 14336K, 0% used [0x00000000ea700000,0x00000000ea700000,0x00000000eb500000)
 ParOldGen       total 74752K, used 21557K [0x00000000a0000000, 0x00000000a4900000, 0x00000000e0000000)
  object space 74752K, 28% used [0x00000000a0000000,0x00000000a150d6c0,0x00000000a4900000)
 Metaspace       used 45578K, capacity 46714K, committed 46976K, reserved 1089536K
  class space    used 6131K, capacity 6450K, committed 6528K, reserved 1048576K
}
Event: 28.411 GC heap before
{Heap before GC invocations=13 (full 2):
 PSYoungGen      total 177152K, used 156384K [0x00000000e0000000, 0x00000000ec300000, 0x0000000100000000)
  eden space 165376K, 87% used [0x00000000e0000000,0x00000000e8d3c6b0,0x00000000ea180000)
  from space 11776K, 99% used [0x00000000eb780000,0x00000000ec2fbce8,0x00000000ec300000)
  to   space 14336K, 0% used [0x00000000ea700000,0x00000000ea700000,0x00000000eb500000)
 ParOldGen       total 74752K, used 21557K [0x00000000a0000000, 0x00000000a4900000, 0x00000000e0000000)
  object space 74752K, 28% used [0x00000000a0000000,0x00000000a150d6c0,0x00000000a4900000)
 Metaspace       used 57518K, capacity 59052K, committed 59096K, reserved 1099776K
  class space    used 7784K, capacity 8179K, committed 8192K, reserved 1048576K
Event: 28.473 GC heap after
Heap after GC invocations=13 (full 2):
 PSYoungGen      total 185344K, used 14323K [0x00000000e0000000, 0x00000000f0400000, 0x0000000100000000)
  eden space 171008K, 0% used [0x00000000e0000000,0x00000000e0000000,0x00000000ea700000)
  from space 14336K, 99% used [0x00000000ea700000,0x00000000eb4fcc10,0x00000000eb500000)
  to   space 19456K, 0% used [0x00000000ef100000,0x00000000ef100000,0x00000000f0400000)
 ParOldGen       total 74752K, used 30960K [0x00000000a0000000, 0x00000000a4900000, 0x00000000e0000000)
  object space 74752K, 41% used [0x00000000a0000000,0x00000000a1e3c088,0x00000000a4900000)
 Metaspace       used 57518K, capacity 59052K, committed 59096K, reserved 1099776K
  class space    used 7784K, capacity 8179K, committed 8192K, reserved 1048576K
}
Event: 28.473 GC heap before
{Heap before GC invocations=14 (full 3):
 PSYoungGen      total 185344K, used 14323K [0x00000000e0000000, 0x00000000f0400000, 0x0000000100000000)
  eden space 171008K, 0% used [0x00000000e0000000,0x00000000e0000000,0x00000000ea700000)
  from space 14336K, 99% used [0x00000000ea700000,0x00000000eb4fcc10,0x00000000eb500000)
  to   space 19456K, 0% used [0x00000000ef100000,0x00000000ef100000,0x00000000f0400000)
 ParOldGen       total 74752K, used 30960K [0x00000000a0000000, 0x00000000a4900000, 0x00000000e0000000)
  object space 74752K, 41% used [0x00000000a0000000,0x00000000a1e3c088,0x00000000a4900000)
 Metaspace       used 57518K, capacity 59052K, committed 59096K, reserved 1099776K
  class space    used 7784K, capacity 8179K, committed 8192K, reserved 1048576K
Event: 28.835 GC heap after
Heap after GC invocations=14 (full 3):
 PSYoungGen      total 185344K, used 0K [0x00000000e0000000, 0x00000000f0400000, 0x0000000100000000)
  eden space 171008K, 0% used [0x00000000e0000000,0x00000000e0000000,0x00000000ea700000)
  from space 14336K, 0% used [0x00000000ea700000,0x00000000ea700000,0x00000000eb500000)
  to   space 19456K, 0% used [0x00000000ef100000,0x00000000ef100000,0x00000000f0400000)
 ParOldGen       total 117760K, used 38600K [0x00000000a0000000, 0x00000000a7300000, 0x00000000e0000000)
  object space 117760K, 32% used [0x00000000a0000000,0x00000000a25b2048,0x00000000a7300000)
 Metaspace       used 57518K, capacity 59052K, committed 59096K, reserved 1099776K
  class space    used 7784K, capacity 8179K, committed 8192K, reserved 1048576K
}
Event: 34.133 GC heap before
{Heap before GC invocations=15 (full 3):
 PSYoungGen      total 185344K, used 171008K [0x00000000e0000000, 0x00000000f0400000, 0x0000000100000000)
  eden space 171008K, 100% used [0x00000000e0000000,0x00000000ea700000,0x00000000ea700000)
  from space 14336K, 0% used [0x00000000ea700000,0x00000000ea700000,0x00000000eb500000)
  to   space 19456K, 0% used [0x00000000ef100000,0x00000000ef100000,0x00000000f0400000)
 ParOldGen       total 117760K, used 38600K [0x00000000a0000000, 0x00000000a7300000, 0x00000000e0000000)
  object space 117760K, 32% used [0x00000000a0000000,0x00000000a25b2048,0x00000000a7300000)
 Metaspace       used 61313K, capacity 63314K, committed 63576K, reserved 1103872K
  class space    used 8286K, capacity 8742K, committed 8832K, reserved 1048576K
Event: 34.218 GC heap after
Heap after GC invocations=15 (full 3):
 PSYoungGen      total 231936K, used 19424K [0x00000000e0000000, 0x00000000f0400000, 0x0000000100000000)
  eden space 212480K, 0% used [0x00000000e0000000,0x00000000e0000000,0x00000000ecf80000)
  from space 19456K, 99% used [0x00000000ef100000,0x00000000f03f8050,0x00000000f0400000)
  to   space 25088K, 0% used [0x00000000ed300000,0x00000000ed300000,0x00000000eeb80000)
 ParOldGen       total 117760K, used 47057K [0x00000000a0000000, 0x00000000a7300000, 0x00000000e0000000)
  object space 117760K, 39% used [0x00000000a0000000,0x00000000a2df47c8,0x00000000a7300000)
 Metaspace       used 61313K, capacity 63314K, committed 63576K, reserved 1103872K
  class space    used 8286K, capacity 8742K, committed 8832K, reserved 1048576K
}

Deoptimization events (10 events):
Event: 36.276 Thread 0x00000000229eb800 Uncommon trap: reason=predicate action=maybe_recompile pc=0x00000000044c8090 method=com.sun.org.apache.xerces.internal.dom.NamedNodeMapImpl.findNamePoint(Ljava/lang/String;Ljava/lang/String;)I @ 34
Event: 36.276 Thread 0x00000000229eb800 Uncommon trap: reason=class_check action=maybe_recompile pc=0x00000000045f20dc method=com.android.ide.common.resources.NodeUtils.processSingleNodeNamespace(Lorg/w3c/dom/Node;Lorg/w3c/dom/Document;)Z @ 100
Event: 36.276 Thread 0x00000000229eb800 Uncommon trap: reason=class_check action=maybe_recompile pc=0x00000000045f20dc method=com.android.ide.common.resources.NodeUtils.processSingleNodeNamespace(Lorg/w3c/dom/Node;Lorg/w3c/dom/Document;)Z @ 100
Event: 36.277 Thread 0x00000000229eb800 Uncommon trap: reason=class_check action=maybe_recompile pc=0x00000000045f20dc method=com.android.ide.common.resources.NodeUtils.processSingleNodeNamespace(Lorg/w3c/dom/Node;Lorg/w3c/dom/Document;)Z @ 100
Event: 36.277 Thread 0x00000000229eb800 Uncommon trap: reason=class_check action=maybe_recompile pc=0x00000000045f20dc method=com.android.ide.common.resources.NodeUtils.processSingleNodeNamespace(Lorg/w3c/dom/Node;Lorg/w3c/dom/Document;)Z @ 100
Event: 36.366 Thread 0x00000000229eb800 Uncommon trap: reason=unstable_if action=reinterpret pc=0x00000000038d516c method=com.sun.org.apache.xerces.internal.dom.CharacterDataImpl.getNodeValue()Ljava/lang/String; @ 4
Event: 36.899 Thread 0x00000000229eb800 Uncommon trap: reason=class_check action=maybe_recompile pc=0x00000000039f3ed0 method=java.io.Writer.write(Ljava/lang/String;)V @ 7
Event: 36.901 Thread 0x00000000229eb800 Uncommon trap: reason=unstable_if action=reinterpret pc=0x000000000382b7c8 method=sun.nio.cs.UTF_8$Encoder.encodeArrayLoop(Ljava/nio/CharBuffer;Ljava/nio/ByteBuffer;)Ljava/nio/charset/CoderResult; @ 87
Event: 36.908 Thread 0x00000000229eb800 Uncommon trap: reason=unstable_if action=reinterpret pc=0x000000000346d004 method=sun.nio.cs.UTF_8$Encoder.encodeArrayLoop(Ljava/nio/CharBuffer;Ljava/nio/ByteBuffer;)Ljava/nio/charset/CoderResult; @ 87
Event: 37.276 Thread 0x00000000229eb800 Uncommon trap: reason=unstable_if action=reinterpret pc=0x0000000003b663d0 method=java.util.TreeMap.put(Ljava/lang/Object;Ljava/lang/Object;)Ljava/lang/Object; @ 163

Classes redefined (0 events):
No events

Internal exceptions (10 events):
Event: 33.726 Thread 0x00000000229eb800 Implicit null exception at 0x0000000003adbf3f to 0x0000000003adc15d
Event: 33.803 Thread 0x00000000229eb800 Implicit null exception at 0x0000000003c89f35 to 0x0000000003c89fb9
Event: 34.634 Thread 0x00000000229eb800 Implicit null exception at 0x00000000044bb4f3 to 0x00000000044bbc4f
Event: 34.792 Thread 0x00000000229eb800 Implicit null exception at 0x000000000385bf6f to 0x000000000385c00d
Event: 36.152 Thread 0x00000000229eb800 Implicit null exception at 0x0000000003f8be17 to 0x0000000003f8c15d
Event: 37.108 Thread 0x00000000229eb800 Exception <a 'java/lang/NoSuchMethodError': <clinit>> (0x00000000e4523228) thrown at [D:\src\AOSP-openjdk-cygwin\jdk8u\hotspot\src\share\vm\prims\jni.cpp, line 1614]
Event: 37.113 Thread 0x00000000229eb800 Exception <a 'java/lang/NoSuchMethodError': <clinit>> (0x00000000e4533128) thrown at [D:\src\AOSP-openjdk-cygwin\jdk8u\hotspot\src\share\vm\prims\jni.cpp, line 1614]
Event: 37.120 Thread 0x00000000229eb800 Exception <a 'java/lang/NoSuchMethodError': <clinit>> (0x00000000e454d180) thrown at [D:\src\AOSP-openjdk-cygwin\jdk8u\hotspot\src\share\vm\prims\jni.cpp, line 1614]
Event: 37.121 Thread 0x00000000229eb800 Exception <a 'java/lang/NoSuchMethodError': <clinit>> (0x00000000e4552068) thrown at [D:\src\AOSP-openjdk-cygwin\jdk8u\hotspot\src\share\vm\prims\jni.cpp, line 1614]
Event: 37.155 Thread 0x00000000229eb800 Exception <a 'java/lang/NoSuchMethodError': <clinit>> (0x00000000e4562988) thrown at [D:\src\AOSP-openjdk-cygwin\jdk8u\hotspot\src\share\vm\prims\jni.cpp, line 1614]

Events (10 events):
Event: 37.289 loading class org/gradle/internal/work/AbstractConditionalExecution done
Event: 37.290 loading class org/gradle/workers/internal/DefaultWorkerExecutor$1
Event: 37.290 loading class org/gradle/workers/internal/DefaultWorkerExecutor$1 done
Event: 37.291 loading class org/gradle/workers/internal/DefaultWorkerExecutor$LazyChildWorkerLeaseLock
Event: 37.291 loading class org/gradle/workers/internal/DefaultWorkerExecutor$LazyChildWorkerLeaseLock done
Event: 37.292 Executing VM operation: Deoptimize
Event: 37.294 Executing VM operation: Deoptimize done
Event: 37.295 loading class org/gradle/internal/work/DefaultConditionalExecutionQueue$ExecutionRunner
Event: 37.295 loading class org/gradle/internal/work/DefaultConditionalExecutionQueue$ExecutionRunner done
Event: 37.317 Thread 0x00000000229f2800 Thread added: 0x00000000229f2800


Dynamic libraries:
0x00007ff785240000 - 0x00007ff785271000 	C:\Program Files\Android\Android Studio\jre\bin\java.exe
0x00007ffed84a0000 - 0x00007ffed8690000 	C:\WINDOWS\SYSTEM32\ntdll.dll
0x00007ffed7710000 - 0x00007ffed77c2000 	C:\WINDOWS\System32\KERNEL32.DLL
0x00007ffed5730000 - 0x00007ffed59d3000 	C:\WINDOWS\System32\KERNELBASE.dll
0x00007ffed6dc0000 - 0x00007ffed6e63000 	C:\WINDOWS\System32\ADVAPI32.dll
0x00007ffed7a10000 - 0x00007ffed7aae000 	C:\WINDOWS\System32\msvcrt.dll
0x00007ffed8210000 - 0x00007ffed82a7000 	C:\WINDOWS\System32\sechost.dll
0x00007ffed8340000 - 0x00007ffed8460000 	C:\WINDOWS\System32\RPCRT4.dll
0x00007ffed6550000 - 0x00007ffed66e4000 	C:\WINDOWS\System32\USER32.dll
0x00007ffed63a0000 - 0x00007ffed63c1000 	C:\WINDOWS\System32\win32u.dll
0x00007ffed7ab0000 - 0x00007ffed7ad6000 	C:\WINDOWS\System32\GDI32.dll
0x00007ffed6200000 - 0x00007ffed6394000 	C:\WINDOWS\System32\gdi32full.dll
0x00007ffed59e0000 - 0x00007ffed5a7e000 	C:\WINDOWS\System32\msvcp_win.dll
0x00007ffed5600000 - 0x00007ffed56fa000 	C:\WINDOWS\System32\ucrtbase.dll
0x00007ffec6100000 - 0x00007ffec6385000 	C:\WINDOWS\WinSxS\amd64_microsoft.windows.common-controls_6595b64144ccf1df_6.0.18362.778_none_e6c6b761130d4fb8\COMCTL32.dll
0x00007ffed66f0000 - 0x00007ffed6a26000 	C:\WINDOWS\System32\combase.dll
0x00007ffed64d0000 - 0x00007ffed6550000 	C:\WINDOWS\System32\bcryptPrimitives.dll
0x00007ffed7d70000 - 0x00007ffed7d9e000 	C:\WINDOWS\System32\IMM32.DLL
0x0000000064940000 - 0x0000000064a12000 	C:\Program Files\Android\Android Studio\jre\jre\bin\msvcr100.dll
0x0000000064a20000 - 0x0000000065266000 	C:\Program Files\Android\Android Studio\jre\jre\bin\server\jvm.dll
0x00007ffed8330000 - 0x00007ffed8338000 	C:\WINDOWS\System32\PSAPI.DLL
0x00007ffed12e0000 - 0x00007ffed1304000 	C:\WINDOWS\SYSTEM32\WINMM.dll
0x00007ffecec10000 - 0x00007ffecec1a000 	C:\WINDOWS\SYSTEM32\VERSION.dll
0x00007ffed20a0000 - 0x00007ffed20a9000 	C:\WINDOWS\SYSTEM32\WSOCK32.dll
0x00007ffed7ae0000 - 0x00007ffed7b4f000 	C:\WINDOWS\System32\WS2_32.dll
0x00007ffed12b0000 - 0x00007ffed12dd000 	C:\WINDOWS\SYSTEM32\winmmbase.dll
0x00007ffed6480000 - 0x00007ffed64ca000 	C:\WINDOWS\System32\cfgmgr32.dll
0x00007ffece5e0000 - 0x00007ffece5ef000 	C:\Program Files\Android\Android Studio\jre\jre\bin\verify.dll
0x00007ffec3060000 - 0x00007ffec3089000 	C:\Program Files\Android\Android Studio\jre\jre\bin\java.dll
0x00007ffec3040000 - 0x00007ffec3056000 	C:\Program Files\Android\Android Studio\jre\jre\bin\zip.dll
0x00007ffed6e70000 - 0x00007ffed7555000 	C:\WINDOWS\System32\SHELL32.dll
0x00007ffed6b90000 - 0x00007ffed6c39000 	C:\WINDOWS\System32\shcore.dll
0x00007ffed5a80000 - 0x00007ffed6200000 	C:\WINDOWS\System32\windows.storage.dll
0x00007ffed53e0000 - 0x00007ffed5403000 	C:\WINDOWS\System32\profapi.dll
0x00007ffed5390000 - 0x00007ffed53da000 	C:\WINDOWS\System32\powrprof.dll
0x00007ffed5360000 - 0x00007ffed5370000 	C:\WINDOWS\System32\UMPDC.dll
0x00007ffed7bb0000 - 0x00007ffed7c02000 	C:\WINDOWS\System32\shlwapi.dll
0x00007ffed5410000 - 0x00007ffed5421000 	C:\WINDOWS\System32\kernel.appcore.dll
0x00007ffed5490000 - 0x00007ffed54a7000 	C:\WINDOWS\System32\cryptsp.dll
0x00007ffec3020000 - 0x00007ffec303a000 	C:\Program Files\Android\Android Studio\jre\jre\bin\net.dll
0x00007ffed4bd0000 - 0x00007ffed4c37000 	C:\WINDOWS\system32\mswsock.dll
0x00007ffec3000000 - 0x00007ffec3011000 	C:\Program Files\Android\Android Studio\jre\jre\bin\nio.dll
0x00007ffebd330000 - 0x00007ffebd356000 	C:\Users\lenovo\.gradle\native\29\windows-amd64\native-platform.dll
0x00007ffec4ae0000 - 0x00007ffec4aed000 	C:\Program Files\Android\Android Studio\jre\jre\bin\management.dll
0x00007ffed4740000 - 0x00007ffed4773000 	C:\WINDOWS\system32\rsaenh.dll
0x00007ffed5700000 - 0x00007ffed5726000 	C:\WINDOWS\System32\bcrypt.dll
0x00007ffed5280000 - 0x00007ffed52a5000 	C:\WINDOWS\SYSTEM32\USERENV.dll
0x00007ffed4da0000 - 0x00007ffed4dac000 	C:\WINDOWS\SYSTEM32\CRYPTBASE.dll
0x00007ffed48e0000 - 0x00007ffed491a000 	C:\WINDOWS\SYSTEM32\IPHLPAPI.DLL
0x00007ffed7850000 - 0x00007ffed7858000 	C:\WINDOWS\System32\NSI.dll
0x00007ffeccf50000 - 0x00007ffeccf66000 	C:\WINDOWS\SYSTEM32\dhcpcsvc6.DLL
0x00007ffecd130000 - 0x00007ffecd14c000 	C:\WINDOWS\SYSTEM32\dhcpcsvc.DLL
0x00007ffed4920000 - 0x00007ffed49ea000 	C:\WINDOWS\SYSTEM32\DNSAPI.dll

VM Arguments:
jvm_args: -Xmx1536m -Dfile.encoding=GBK -Duser.country=CN -Duser.language=zh -Duser.variant 
java_command: org.gradle.launcher.daemon.bootstrap.GradleDaemon 5.4.1
java_class_path (initial): C:\Users\lenovo\.gradle\wrapper\dists\gradle-5.4.1-all\3221gyojl5jsh0helicew7rwx\gradle-5.4.1\lib\gradle-launcher-5.4.1.jar
Launcher Type: SUN_STANDARD

Environment Variables:
JAVA_HOME=D:\luanjian\jdk-12.0.1_windows-x64_bin\jdk-12.0.1
PATH=D:\luanjian\jdk-12.0.1_windows-x64_bin\jdk-12.0.1\bin;C:\windows\system32;C:\windows;C:\windows\System32\Wbem;C:\windows\System32\WindowsPowerShell\v1.0\;C:\windows\System32\OpenSSH\;C:\Program Files (x86)\NVIDIA Corporation\PhysX\Common;C:\Program Files\NVIDIA Corporation\NVIDIA NvDLISR;C:\WINDOWS\system32;C:\WINDOWS;C:\WINDOWS\System32\Wbem;C:\WINDOWS\System32\WindowsPowerShell\v1.0\;C:\WINDOWS\System32\OpenSSH\;F:\xiaoxun\Git\cmd;C:\Program Files\VisualSVN Server\bin;C:\Users\lenovo\AppData\Local\Microsoft\WindowsApps;
USERNAME=lenovo
OS=Windows_NT
PROCESSOR_IDENTIFIER=Intel64 Family 6 Model 94 Stepping 3, GenuineIntel



---------------  S Y S T E M  ---------------

OS: Windows 10.0 , 64 bit Build 18362 (10.0.18362.778)

CPU:total 8 (initial active 8) (4 cores per cpu, 2 threads per core) family 6 model 94 stepping 3, cmov, cx8, fxsr, mmx, sse, sse2, sse3, ssse3, sse4.1, sse4.2, popcnt, avx, avx2, aes, clmul, erms, rtm, 3dnowpref, lzcnt, ht, tsc, tscinvbit, bmi1, bmi2, adx

Memory: 4k page, physical 8299300k(308816k free), swap 24028064k(10280k free)

vm_info: OpenJDK 64-Bit Server VM (25.202-b03) for windows-amd64 JRE (1.8.0_202-release-1483-b03), built by "builder" with MS VC++ 10.0 (VS2010)

time: Thu Jun 11 18:43:29 2020
timezone: 中国标准时间
elapsed time: 37 seconds (0d 0h 0m 37s)

