#
# There is insufficient memory for the Java Runtime Environment to continue.
# Native memory allocation (malloc) failed to allocate 1146496 bytes for Chunk::new
# Possible reasons:
#   The system is out of physical RAM or swap space
#   The process is running with CompressedOops enabled, and the Java Heap may be blocking the growth of the native heap
# Possible solutions:
#   Reduce memory load on the system
#   Increase physical memory or swap space
#   Check if swap backing store is full
#   Decrease Java heap size (-Xmx/-Xms)
#   Decrease number of Java threads
#   Decrease Java thread stack sizes (-Xss)
#   Set larger code cache with -XX:ReservedCodeCacheSize=
#   JVM is running with Unscaled Compressed Oops mode in which the Java heap is
#     placed in the first 4GB address space. The Java Heap base address is the
#     maximum limit for the native heap growth. Please use -XX:HeapBaseMinAddress
#     to set the Java Heap base and to place the Java Heap above 4GB virtual address.
# This output file may be truncated or incomplete.
#
#  Out of Memory Error (allocation.cpp:389), pid=39300, tid=0x0000000000008260
#
# JRE version: OpenJDK Runtime Environment (8.0_202-b03) (build 1.8.0_202-release-1483-b03)
# Java VM: OpenJDK 64-Bit Server VM (25.202-b03 mixed mode windows-amd64 compressed oops)
# Failed to write core dump. Minidumps are not enabled by default on client versions of Windows
#

---------------  T H R E A D  ---------------

Current thread (0x0000000018722800):  JavaThread "C2 CompilerThread0" daemon [_thread_in_native, id=33376, stack(0x0000000018e90000,0x0000000018f90000)]

Stack: [0x0000000018e90000,0x0000000018f90000]
[error occurred during error reporting (printing stack bounds), id 0xc0000005]

Native frames: (J=compiled Java code, j=interpreted, Vv=VM code, C=native code)


Current CompileTask:
C2: 241894 16902       4       com.android.tools.r8.graph.DexClass::forEachMethod (75 bytes)


---------------  P R O C E S S  ---------------

Java Threads: ( => current thread )
  0x0000000022edb800 JavaThread "ForkJoinPool-4-worker-0" daemon [_thread_blocked, id=12712, stack(0x0000000028100000,0x0000000028200000)]
  0x0000000022ee2800 JavaThread "ForkJoinPool-4-worker-7" daemon [_thread_blocked, id=34616, stack(0x0000000028000000,0x0000000028100000)]
  0x0000000022edb000 JavaThread "ForkJoinPool-4-worker-6" daemon [_thread_blocked, id=34592, stack(0x0000000027f00000,0x0000000028000000)]
  0x0000000022ee1000 JavaThread "ForkJoinPool-4-worker-4" daemon [_thread_blocked, id=35700, stack(0x0000000027d00000,0x0000000027e00000)]
  0x0000000022edc800 JavaThread "ForkJoinPool-4-worker-3" daemon [_thread_blocked, id=36836, stack(0x0000000027c00000,0x0000000027d00000)]
  0x0000000022ee0000 JavaThread "ForkJoinPool-4-worker-2" daemon [_thread_blocked, id=12776, stack(0x0000000026f60000,0x0000000027060000)]
  0x0000000022edd000 JavaThread "ForkJoinPool-4-worker-1" daemon [_thread_in_Java, id=39496, stack(0x0000000026e60000,0x0000000026f60000)]
  0x0000000022edf800 JavaThread "WorkerExecutor Queue Thread 3" [_thread_blocked, id=36888, stack(0x0000000027360000,0x0000000027460000)]
  0x0000000022ede000 JavaThread "stdout" [_thread_in_native, id=6496, stack(0x0000000026d60000,0x0000000026e60000)]
  0x0000000022ede800 JavaThread "stderr" [_thread_in_native, id=36584, stack(0x0000000026b20000,0x0000000026c20000)]
  0x000000001d2d5000 JavaThread "pool-4-thread-1" [_thread_blocked, id=17696, stack(0x0000000026a20000,0x0000000026b20000)]
  0x000000001d2d9800 JavaThread "WorkerExecutor Queue Thread 2" [_thread_blocked, id=31736, stack(0x0000000026920000,0x0000000026a20000)]
  0x000000001d2d4000 JavaThread "WorkerExecutor Queue" [_thread_blocked, id=35976, stack(0x0000000026410000,0x0000000026510000)]
  0x000000001d2d8000 JavaThread "Cache worker for execution history cache (E:\asDaShiXun2\Everylesson\.gradle\5.4.1\executionHistory)" [_thread_blocked, id=10196, stack(0x0000000026310000,0x0000000026410000)]
  0x000000001d2d7000 JavaThread "Execution worker for ':' Thread 7" [_thread_blocked, id=23800, stack(0x0000000026210000,0x0000000026310000)]
  0x000000001d2cc800 JavaThread "Execution worker for ':' Thread 6" [_thread_blocked, id=39612, stack(0x0000000026110000,0x0000000026210000)]
  0x000000001d2d3800 JavaThread "Execution worker for ':' Thread 5" [_thread_blocked, id=36880, stack(0x0000000026010000,0x0000000026110000)]
  0x000000001d2cc000 JavaThread "Execution worker for ':' Thread 4" [_thread_blocked, id=38012, stack(0x0000000025f10000,0x0000000026010000)]
  0x000000001d2d2800 JavaThread "Execution worker for ':' Thread 3" [_thread_blocked, id=33000, stack(0x0000000025e10000,0x0000000025f10000)]
  0x000000001d2cb000 JavaThread "Execution worker for ':' Thread 2" [_thread_blocked, id=17848, stack(0x0000000025d10000,0x0000000025e10000)]
  0x000000001d2ce000 JavaThread "Execution worker for ':'" [_thread_blocked, id=36464, stack(0x0000000025c10000,0x0000000025d10000)]
  0x000000001d2d1000 JavaThread "Cache worker for file content cache (E:\asDaShiXun2\Everylesson\.gradle\5.4.1\fileContent)" [_thread_blocked, id=39892, stack(0x0000000025110000,0x0000000025210000)]
  0x000000001d2d0800 JavaThread "Cache worker for Build Output Cleanup Cache (E:\asDaShiXun2\Everylesson\.gradle\buildOutputCleanup)" [_thread_blocked, id=39488, stack(0x0000000024410000,0x0000000024510000)]
  0x0000000018855800 JavaThread "pool-3-thread-1" [_thread_blocked, id=38420, stack(0x0000000023d10000,0x0000000023e10000)]
  0x0000000018854800 JavaThread "Build operations Thread 8" [_thread_blocked, id=29364, stack(0x0000000023c10000,0x0000000023d10000)]
  0x0000000018854000 JavaThread "Build operations Thread 7" [_thread_blocked, id=39516, stack(0x0000000023b10000,0x0000000023c10000)]
  0x0000000018856000 JavaThread "Build operations Thread 6" [_thread_blocked, id=28600, stack(0x0000000022980000,0x0000000022a80000)]
  0x000000001884d000 JavaThread "Build operations Thread 5" [_thread_blocked, id=39076, stack(0x0000000021750000,0x0000000021850000)]
  0x0000000018852800 JavaThread "Build operations Thread 4" [_thread_blocked, id=24572, stack(0x0000000021650000,0x0000000021750000)]
  0x0000000018851800 JavaThread "Build operations Thread 3" [_thread_blocked, id=37244, stack(0x0000000021350000,0x0000000021450000)]
  0x0000000018853000 JavaThread "Build operations Thread 2" [_thread_blocked, id=13016, stack(0x0000000021050000,0x0000000021150000)]
  0x0000000018851000 JavaThread "Build operations" [_thread_blocked, id=27320, stack(0x000000001f920000,0x000000001fa20000)]
  0x0000000018850000 JavaThread "Cache worker for cache directory md-rule (C:\Users\lenovo\.gradle\caches\5.4.1\md-rule)" [_thread_blocked, id=38760, stack(0x000000001e1b0000,0x000000001e2b0000)]
  0x000000001884f800 JavaThread "Cache worker for cache directory md-supplier (C:\Users\lenovo\.gradle\caches\5.4.1\md-supplier)" [_thread_blocked, id=13176, stack(0x000000001ba10000,0x000000001bb10000)]
  0x0000000018847800 JavaThread "Cache worker for file hash cache (E:\asDaShiXun2\Everylesson\.gradle\5.4.1\fileHashes)" [_thread_blocked, id=17628, stack(0x000000001b810000,0x000000001b910000)]
  0x000000001884b800 JavaThread "Thread-55" [_thread_blocked, id=39412, stack(0x000000001b710000,0x000000001b810000)]
  0x000000001884e800 JavaThread "Stdin handler" [_thread_blocked, id=13540, stack(0x000000001b610000,0x000000001b710000)]
  0x000000001884a000 JavaThread "Asynchronous log dispatcher for DefaultDaemonConnection: socket connection from /127.0.0.1:62209 to /127.0.0.1:63284" [_thread_blocked, id=39676, stack(0x000000001b310000,0x000000001b410000)]
  0x0000000018847000 JavaThread "Daemon worker Thread 2" [_thread_blocked, id=39696, stack(0x000000001b210000,0x000000001b310000)]
  0x000000001884d800 JavaThread "Cancel handler" [_thread_blocked, id=34232, stack(0x0000000000b70000,0x0000000000c70000)]
  0x0000000018849000 JavaThread "Handler for socket connection from /127.0.0.1:62209 to /127.0.0.1:63284" [_thread_in_native, id=13204, stack(0x0000000000a70000,0x0000000000b70000)]
  0x000000001884c000 JavaThread "Daemon Thread 2" [_thread_blocked, id=37084, stack(0x0000000000970000,0x0000000000a70000)]
  0x0000000022ee1800 JavaThread "Cache worker for Java compile cache (C:\Users\lenovo\.gradle\caches\5.4.1\javaCompile)" [_thread_blocked, id=27264, stack(0x000000001b910000,0x000000001ba10000)]
  0x000000001d2d5800 JavaThread "MarlinRenderer Disposer" daemon [_thread_blocked, id=39140, stack(0x0000000027060000,0x0000000027160000)]
  0x000000001d2d2000 JavaThread "Java2D Disposer" daemon [_thread_blocked, id=36404, stack(0x0000000026c20000,0x0000000026d20000)]
  0x0000000019ff8000 JavaThread "Cache worker for file content cache (C:\Users\lenovo\.gradle\caches\5.4.1\fileContent)" [_thread_blocked, id=38768, stack(0x0000000025010000,0x0000000025110000)]
  0x0000000019a3a000 JavaThread "Memory manager" [_thread_blocked, id=36340, stack(0x0000000024f10000,0x0000000025010000)]
  0x0000000019a35800 JavaThread "Cache worker for execution history cache (C:\Users\lenovo\.gradle\caches\5.4.1\executionHistory)" [_thread_blocked, id=7476, stack(0x00000000218b0000,0x00000000219b0000)]
  0x0000000019a5c000 JavaThread "Cache worker for journal cache (C:\Users\lenovo\.gradle\caches\journal-1)" [_thread_blocked, id=7388, stack(0x000000001bf10000,0x000000001c010000)]
  0x0000000019a5c800 JavaThread "File lock request listener" [_thread_in_native, id=7540, stack(0x000000001be10000,0x000000001bf10000)]
  0x0000000019a5a800 JavaThread "Cache worker for file hash cache (C:\Users\lenovo\.gradle\caches\5.4.1\fileHashes)" [_thread_blocked, id=12488, stack(0x000000001bd10000,0x000000001be10000)]
  0x000000001a41e000 JavaThread "Daemon periodic checks" [_thread_blocked, id=1160, stack(0x000000001b110000,0x000000001b210000)]
  0x00000000189f4800 JavaThread "Incoming local TCP Connector on port 62209" [_thread_in_native, id=8264, stack(0x000000001af60000,0x000000001b060000)]
  0x000000001a4d5800 JavaThread "Daemon health stats" [_thread_blocked, id=37984, stack(0x000000001ac60000,0x000000001ad60000)]
  0x00000000187b6000 JavaThread "Service Thread" daemon [_thread_blocked, id=16412, stack(0x0000000019290000,0x0000000019390000)]
  0x0000000018748000 JavaThread "C1 CompilerThread3" daemon [_thread_blocked, id=32880, stack(0x0000000019190000,0x0000000019290000)]
  0x000000001873c000 JavaThread "C2 CompilerThread2" daemon [_thread_in_native, id=39816, stack(0x0000000019090000,0x0000000019190000)]
  0x0000000018726000 JavaThread "C2 CompilerThread1" daemon [_thread_in_native, id=28464, stack(0x0000000018f90000,0x0000000019090000)]
=>0x0000000018722800 JavaThread "C2 CompilerThread0" daemon [_thread_in_native, id=33376, stack(0x0000000018e90000,0x0000000018f90000)]
  0x00000000186cf000 JavaThread "Attach Listener" daemon [_thread_blocked, id=38732, stack(0x0000000018d90000,0x0000000018e90000)]
  0x00000000186ce000 JavaThread "Signal Dispatcher" daemon [_thread_blocked, id=39132, stack(0x0000000018c90000,0x0000000018d90000)]
  0x00000000186b1000 JavaThread "Finalizer" daemon [_thread_blocked, id=17892, stack(0x0000000018b90000,0x0000000018c90000)]
  0x00000000168ac800 JavaThread "Reference Handler" daemon [_thread_blocked, id=38988, stack(0x0000000018a90000,0x0000000018b90000)]
  0x00000000028ee000 JavaThread "main" [_thread_blocked, id=34204, stack(0x00000000028f0000,0x00000000029f0000)]

Other Threads:
  0x00000000168a5800 VMThread [stack: 0x0000000018590000,0x0000000018690000] [id=34452]
  0x00000000187b6800 WatcherThread [stack: 0x0000000019390000,0x0000000019490000] [id=35480]

VM state:not at safepoint (normal execution)

VM Mutex/Monitor currently owned by a thread: None

OutOfMemory and StackOverflow Exception counts:
OutOfMemoryError java_heap_errors=1

heap address: 0x00000000a0000000, size: 1536 MB, Compressed Oops mode: 32-bit
Narrow klass base: 0x0000000000000000, Narrow klass shift: 3
Compressed class space size: 1073741824 Address: 0x0000000100000000

Heap:
 PSYoungGen      total 297472K, used 86378K [0x00000000e0000000, 0x00000000f8280000, 0x0000000100000000)
  eden space 254976K, 33% used [0x00000000e0000000,0x00000000e545abd0,0x00000000ef900000)
  from space 42496K, 0% used [0x00000000ef900000,0x00000000ef900000,0x00000000f2280000)
  to   space 40960K, 0% used [0x00000000f5a80000,0x00000000f5a80000,0x00000000f8280000)
 ParOldGen       total 158720K, used 145527K [0x00000000a0000000, 0x00000000a9b00000, 0x00000000e0000000)
  object space 158720K, 91% used [0x00000000a0000000,0x00000000a8e1dd68,0x00000000a9b00000)
 Metaspace       used 85753K, capacity 88672K, committed 90584K, reserved 1128448K
  class space    used 10972K, capacity 11605K, committed 12032K, reserved 1048576K

Card table byte_map: [0x0000000011eb0000,0x00000000121c0000] byte_map_base: 0x00000000119b0000

Marking Bits: (ParMarkBitMap*) 0x00000000651e9f30
 Begin Bits: [0x0000000012bc0000, 0x00000000143c0000)
 End Bits:   [0x00000000143c0000, 0x0000000015bc0000)

Polling page: 0x0000000000810000

CodeCache: size=245760Kb used=47695Kb max_used=47702Kb free=198064Kb
 bounds [0x0000000002af0000, 0x00000000059d0000, 0x0000000011af0000]
 total_blobs=14429 nmethods=13465 adapters=874
 compilation: enabled

Compilation events (10 events):
Event: 241.539 Thread 0x000000001873c000 nmethod 16904 0x00000000059accd0 code [0x00000000059ad000, 0x00000000059add00]
Event: 241.539 Thread 0x000000001873c000 16908       4       com.android.tools.r8.naming.MemberNaming$MethodSignature::a (88 bytes)
Event: 241.550 Thread 0x000000001873c000 nmethod 16908 0x00000000059ac350 code [0x00000000059ac4e0, 0x00000000059ac888]
Event: 241.550 Thread 0x000000001873c000 16913       4       java.lang.String::join (59 bytes)
Event: 241.645 Thread 0x000000001873c000 nmethod 16913 0x00000000059c2ad0 code [0x00000000059c2cc0, 0x00000000059c4298]
Event: 241.645 Thread 0x000000001873c000 16906       4       java.util.StringJoiner::prepareBuilder (45 bytes)
Event: 241.675 Thread 0x000000001873c000 nmethod 16906 0x00000000059b5390 code [0x00000000059b5520, 0x00000000059b5f18]
Event: 241.675 Thread 0x000000001873c000 16907       4       com.android.tools.r8.dex.c$$Lambda$789/1047528432::accept (20 bytes)
Event: 241.787 Thread 0x0000000018748000 16914       3       com.android.tools.r8.dex.c$$Lambda$791/40879279::apply (14 bytes)
Event: 241.788 Thread 0x0000000018748000 nmethod 16914 0x0000000005985f50 code [0x00000000059860c0, 0x00000000059863c8]

GC Heap History (10 events):
Event: 94.472 GC heap before
{Heap before GC invocations=18 (full 3):
 PSYoungGen      total 251904K, used 238560K [0x00000000e0000000, 0x00000000f1780000, 0x0000000100000000)
  eden space 224768K, 100% used [0x00000000e0000000,0x00000000edb80000,0x00000000edb80000)
  from space 27136K, 50% used [0x00000000efd00000,0x00000000f0a78360,0x00000000f1780000)
  to   space 30720K, 0% used [0x00000000edb80000,0x00000000edb80000,0x00000000ef980000)
 ParOldGen       total 135168K, used 78232K [0x00000000a0000000, 0x00000000a8400000, 0x00000000e0000000)
  object space 135168K, 57% used [0x00000000a0000000,0x00000000a4c662b0,0x00000000a8400000)
 Metaspace       used 74090K, capacity 76556K, committed 76760K, reserved 1116160K
  class space    used 9604K, capacity 10157K, committed 10240K, reserved 1048576K
Event: 94.705 GC heap after
Heap after GC invocations=18 (full 3):
 PSYoungGen      total 255488K, used 20398K [0x00000000e0000000, 0x00000000f4180000, 0x0000000100000000)
  eden space 224768K, 0% used [0x00000000e0000000,0x00000000e0000000,0x00000000edb80000)
  from space 30720K, 66% used [0x00000000edb80000,0x00000000eef6ba20,0x00000000ef980000)
  to   space 31744K, 0% used [0x00000000f2280000,0x00000000f2280000,0x00000000f4180000)
 ParOldGen       total 135168K, used 78248K [0x00000000a0000000, 0x00000000a8400000, 0x00000000e0000000)
  object space 135168K, 57% used [0x00000000a0000000,0x00000000a4c6a2b0,0x00000000a8400000)
 Metaspace       used 74090K, capacity 76556K, committed 76760K, reserved 1116160K
  class space    used 9604K, capacity 10157K, committed 10240K, reserved 1048576K
}
Event: 97.415 GC heap before
{Heap before GC invocations=19 (full 3):
 PSYoungGen      total 255488K, used 245166K [0x00000000e0000000, 0x00000000f4180000, 0x0000000100000000)
  eden space 224768K, 100% used [0x00000000e0000000,0x00000000edb80000,0x00000000edb80000)
  from space 30720K, 66% used [0x00000000edb80000,0x00000000eef6ba20,0x00000000ef980000)
  to   space 31744K, 0% used [0x00000000f2280000,0x00000000f2280000,0x00000000f4180000)
 ParOldGen       total 135168K, used 78248K [0x00000000a0000000, 0x00000000a8400000, 0x00000000e0000000)
  object space 135168K, 57% used [0x00000000a0000000,0x00000000a4c6a2b0,0x00000000a8400000)
 Metaspace       used 79072K, capacity 82156K, committed 82264K, reserved 1120256K
  class space    used 10424K, capacity 11109K, committed 11136K, reserved 1048576K
Event: 98.078 GC heap after
Heap after GC invocations=19 (full 3):
 PSYoungGen      total 286720K, used 31730K [0x00000000e0000000, 0x00000000f8300000, 0x0000000100000000)
  eden space 254976K, 0% used [0x00000000e0000000,0x00000000e0000000,0x00000000ef900000)
  from space 31744K, 99% used [0x00000000f2280000,0x00000000f417c878,0x00000000f4180000)
  to   space 42496K, 0% used [0x00000000ef900000,0x00000000ef900000,0x00000000f2280000)
 ParOldGen       total 135168K, used 95600K [0x00000000a0000000, 0x00000000a8400000, 0x00000000e0000000)
  object space 135168K, 70% used [0x00000000a0000000,0x00000000a5d5c050,0x00000000a8400000)
 Metaspace       used 79072K, capacity 82156K, committed 82264K, reserved 1120256K
  class space    used 10424K, capacity 11109K, committed 11136K, reserved 1048576K
}
Event: 221.840 GC heap before
{Heap before GC invocations=20 (full 3):
 PSYoungGen      total 286720K, used 286706K [0x00000000e0000000, 0x00000000f8300000, 0x0000000100000000)
  eden space 254976K, 100% used [0x00000000e0000000,0x00000000ef900000,0x00000000ef900000)
  from space 31744K, 99% used [0x00000000f2280000,0x00000000f417c878,0x00000000f4180000)
  to   space 42496K, 0% used [0x00000000ef900000,0x00000000ef900000,0x00000000f2280000)
 ParOldGen       total 135168K, used 95600K [0x00000000a0000000, 0x00000000a8400000, 0x00000000e0000000)
  object space 135168K, 70% used [0x00000000a0000000,0x00000000a5d5c050,0x00000000a8400000)
 Metaspace       used 85404K, capacity 89146K, committed 89432K, reserved 1126400K
  class space    used 11016K, capacity 11792K, committed 11904K, reserved 1048576K
Event: 222.361 GC heap after
Heap after GC invocations=20 (full 3):
 PSYoungGen      total 297472K, used 19778K [0x00000000e0000000, 0x00000000f8280000, 0x0000000100000000)
  eden space 254976K, 0% used [0x00000000e0000000,0x00000000e0000000,0x00000000ef900000)
  from space 42496K, 46% used [0x00000000ef900000,0x00000000f0c50818,0x00000000f2280000)
  to   space 40960K, 0% used [0x00000000f5a80000,0x00000000f5a80000,0x00000000f8280000)
 ParOldGen       total 135168K, used 106199K [0x00000000a0000000, 0x00000000a8400000, 0x00000000e0000000)
  object space 135168K, 78% used [0x00000000a0000000,0x00000000a67b5d40,0x00000000a8400000)
 Metaspace       used 85404K, capacity 89146K, committed 89432K, reserved 1126400K
  class space    used 11016K, capacity 11792K, committed 11904K, reserved 1048576K
}
Event: 237.908 GC heap before
{Heap before GC invocations=21 (full 3):
 PSYoungGen      total 297472K, used 273930K [0x00000000e0000000, 0x00000000f8280000, 0x0000000100000000)
  eden space 254976K, 99% used [0x00000000e0000000,0x00000000ef832098,0x00000000ef900000)
  from space 42496K, 46% used [0x00000000ef900000,0x00000000f0c50818,0x00000000f2280000)
  to   space 40960K, 0% used [0x00000000f5a80000,0x00000000f5a80000,0x00000000f8280000)
 ParOldGen       total 135168K, used 106199K [0x00000000a0000000, 0x00000000a8400000, 0x00000000e0000000)
  object space 135168K, 78% used [0x00000000a0000000,0x00000000a67b5d40,0x00000000a8400000)
 Metaspace       used 86564K, capacity 90362K, committed 90584K, reserved 1128448K
  class space    used 11184K, capacity 11954K, committed 12032K, reserved 1048576K
Event: 238.396 GC heap after
Heap after GC invocations=21 (full 3):
 PSYoungGen      total 297472K, used 273930K [0x00000000e0000000, 0x00000000f8280000, 0x0000000100000000)
  eden space 254976K, 99% used [0x00000000e0000000,0x00000000ef832098,0x00000000ef900000)
  from space 42496K, 46% used [0x00000000ef900000,0x00000000f0c50818,0x00000000f2280000)
  to   space 40960K, 99% used [0x00000000f5a80000,0x00000000f827e7a0,0x00000000f8280000)
 ParOldGen       total 158720K, used 158676K [0x00000000a0000000, 0x00000000a9b00000, 0x00000000e0000000)
  object space 158720K, 99% used [0x00000000a0000000,0x00000000a9af5078,0x00000000a9b00000)
 Metaspace       used 86564K, capacity 90362K, committed 90584K, reserved 1128448K
  class space    used 11184K, capacity 11954K, committed 12032K, reserved 1048576K
}
Event: 238.397 GC heap before
{Heap before GC invocations=22 (full 4):
 PSYoungGen      total 297472K, used 273930K [0x00000000e0000000, 0x00000000f8280000, 0x0000000100000000)
  eden space 254976K, 99% used [0x00000000e0000000,0x00000000ef832098,0x00000000ef900000)
  from space 42496K, 46% used [0x00000000ef900000,0x00000000f0c50818,0x00000000f2280000)
  to   space 40960K, 99% used [0x00000000f5a80000,0x00000000f827e7a0,0x00000000f8280000)
 ParOldGen       total 158720K, used 158676K [0x00000000a0000000, 0x00000000a9b00000, 0x00000000e0000000)
  object space 158720K, 99% used [0x00000000a0000000,0x00000000a9af5078,0x00000000a9b00000)
 Metaspace       used 86564K, capacity 90362K, committed 90584K, reserved 1128448K
  class space    used 11184K, capacity 11954K, committed 12032K, reserved 1048576K
Event: 240.834 GC heap after
Heap after GC invocations=22 (full 4):
 PSYoungGen      total 297472K, used 0K [0x00000000e0000000, 0x00000000f8280000, 0x0000000100000000)
  eden space 254976K, 0% used [0x00000000e0000000,0x00000000e0000000,0x00000000ef900000)
  from space 42496K, 0% used [0x00000000ef900000,0x00000000ef900000,0x00000000f2280000)
  to   space 40960K, 0% used [0x00000000f5a80000,0x00000000f5a80000,0x00000000f8280000)
 ParOldGen       total 158720K, used 145527K [0x00000000a0000000, 0x00000000a9b00000, 0x00000000e0000000)
  object space 158720K, 91% used [0x00000000a0000000,0x00000000a8e1dd68,0x00000000a9b00000)
 Metaspace       used 85747K, capacity 88672K, committed 90584K, reserved 1128448K
  class space    used 10972K, capacity 11605K, committed 12032K, reserved 1048576K
}

Deoptimization events (10 events):
Event: 237.277 Thread 0x0000000022edd000 Uncommon trap: reason=null_check action=make_not_entrant pc=0x000000000465d18c method=com.android.tools.r8.graph.DexString.b(Ljava/lang/Object;)Z @ 1
Event: 237.277 Thread 0x0000000022edd000 Uncommon trap: reason=unstable_if action=reinterpret pc=0x0000000003277e68 method=java.util.Arrays.equals([Ljava/lang/Object;[Ljava/lang/Object;)Z @ 47
Event: 237.829 Thread 0x0000000022edd000 Uncommon trap: reason=unloaded action=reinterpret pc=0x00000000051bb7fc method=com.android.tools.r8.graph.DexValue.b(Lcom/android/tools/r8/graph/DexType;)Lcom/android/tools/r8/graph/DexValue; @ 115
Event: 237.832 Thread 0x0000000022edd000 Uncommon trap: reason=unstable_if action=reinterpret pc=0x00000000058e545c method=com.android.tools.r8.graph.DexValue$NestedDexValue.equals(Ljava/lang/Object;)Z @ 11
Event: 240.976 Thread 0x0000000022edd000 Uncommon trap: reason=class_check action=maybe_recompile pc=0x000000000596c988 method=com.android.tools.r8.utils.O.next()Lcom/android/tools/r8/graph/C; @ 222
Event: 240.976 Thread 0x0000000022edd000 Uncommon trap: reason=class_check action=maybe_recompile pc=0x000000000596c988 method=com.android.tools.r8.utils.O.next()Lcom/android/tools/r8/graph/C; @ 222
Event: 240.977 Thread 0x0000000022edd000 Uncommon trap: reason=class_check action=maybe_recompile pc=0x000000000596c988 method=com.android.tools.r8.utils.O.next()Lcom/android/tools/r8/graph/C; @ 222
Event: 240.977 Thread 0x0000000022edd000 Uncommon trap: reason=class_check action=maybe_recompile pc=0x000000000596c988 method=com.android.tools.r8.utils.O.next()Lcom/android/tools/r8/graph/C; @ 222
Event: 241.407 Thread 0x0000000022edd000 Uncommon trap: reason=predicate action=maybe_recompile pc=0x000000000581e9d0 method=com.android.tools.r8.graph.DexClass.forEachMethod(Ljava/util/function/Consumer;)V @ 56
Event: 241.407 Thread 0x0000000022edd000 Uncommon trap: reason=unstable_if action=reinterpret pc=0x00000000047124e0 method=com.android.tools.r8.utils.DescriptorUtils.a(Ljava/lang/String;Lcom/android/tools/r8/naming/ClassNameMapper;)Ljava/lang/String; @ 9

Classes redefined (0 events):
No events

Internal exceptions (10 events):
Event: 226.945 Thread 0x0000000022ee1000 Implicit null exception at 0x0000000002d2b3ef to 0x0000000002d2b4dd
Event: 226.945 Thread 0x0000000022ee0000 Implicit null exception at 0x0000000002d2b3ef to 0x0000000002d2b4dd
Event: 226.945 Thread 0x0000000022eda000 Implicit null exception at 0x0000000002d2b3ef to 0x0000000002d2b4dd
Event: 226.945 Thread 0x0000000022edd000 Implicit null exception at 0x0000000002d2b3ef to 0x0000000002d2b4dd
Event: 226.945 Thread 0x0000000022edb000 Implicit null exception at 0x0000000002d2b3ef to 0x0000000002d2b4dd
Event: 228.984 Thread 0x0000000022edc800 Implicit null exception at 0x000000000567e3a0 to 0x0000000005684a05
Event: 228.985 Thread 0x0000000022edc800 Implicit null exception at 0x000000000561405c to 0x000000000561465d
Event: 228.985 Thread 0x0000000022edc800 Implicit null exception at 0x00000000056788dd to 0x000000000567902d
Event: 232.001 Thread 0x000000001d2d9800 Implicit null exception at 0x00000000058021e8 to 0x0000000005802cdd
Event: 237.277 Thread 0x0000000022edd000 Implicit null exception at 0x000000000465d00f to 0x000000000465d17d

Events (10 events):
Event: 240.977 Thread 0x0000000022edd000 DEOPT UNPACKING pc=0x0000000002b3557b sp=0x0000000026f5e930 mode 2
Event: 240.977 Thread 0x0000000022edd000 Uncommon trap: trap_request=0xffffffde fr.pc=0x000000000596c988
Event: 240.977 Thread 0x0000000022edd000 DEOPT PACKING pc=0x000000000596c988 sp=0x0000000026f5e990
Event: 240.977 Thread 0x0000000022edd000 DEOPT UNPACKING pc=0x0000000002b3557b sp=0x0000000026f5e930 mode 2
Event: 241.407 Thread 0x0000000022edd000 Uncommon trap: trap_request=0xffffff86 fr.pc=0x000000000581e9d0
Event: 241.407 Thread 0x0000000022edd000 DEOPT PACKING pc=0x000000000581e9d0 sp=0x0000000026f5ead0
Event: 241.407 Thread 0x0000000022edd000 DEOPT UNPACKING pc=0x0000000002b3557b sp=0x0000000026f5eb08 mode 2
Event: 241.407 Thread 0x0000000022edd000 Uncommon trap: trap_request=0xffffff65 fr.pc=0x00000000047124e0
Event: 241.407 Thread 0x0000000022edd000 DEOPT PACKING pc=0x00000000047124e0 sp=0x0000000026f5e860
Event: 241.407 Thread 0x0000000022edd000 DEOPT UNPACKING pc=0x0000000002b3557b sp=0x0000000026f5e838 mode 2


Dynamic libraries:
0x00007ff71c980000 - 0x00007ff71c9b1000 	C:\Program Files\Android\Android Studio\jre\bin\java.exe
0x00007ffed84a0000 - 0x00007ffed8690000 	C:\WINDOWS\SYSTEM32\ntdll.dll
0x00007ffed7710000 - 0x00007ffed77c2000 	C:\WINDOWS\System32\KERNEL32.DLL
0x00007ffed5730000 - 0x00007ffed59d3000 	C:\WINDOWS\System32\KERNELBASE.dll
0x00007ffed6dc0000 - 0x00007ffed6e63000 	C:\WINDOWS\System32\ADVAPI32.dll
0x00007ffed7a10000 - 0x00007ffed7aae000 	C:\WINDOWS\System32\msvcrt.dll
0x00007ffed8210000 - 0x00007ffed82a7000 	C:\WINDOWS\System32\sechost.dll
0x00007ffed8340000 - 0x00007ffed8460000 	C:\WINDOWS\System32\RPCRT4.dll
0x00007ffed6550000 - 0x00007ffed66e4000 	C:\WINDOWS\System32\USER32.dll
0x00007ffed63a0000 - 0x00007ffed63c1000 	C:\WINDOWS\System32\win32u.dll
0x00007ffed7ab0000 - 0x00007ffed7ad6000 	C:\WINDOWS\System32\GDI32.dll
0x00007ffed6200000 - 0x00007ffed6394000 	C:\WINDOWS\System32\gdi32full.dll
0x00007ffed59e0000 - 0x00007ffed5a7e000 	C:\WINDOWS\System32\msvcp_win.dll
0x00007ffed5600000 - 0x00007ffed56fa000 	C:\WINDOWS\System32\ucrtbase.dll
0x00007ffec6100000 - 0x00007ffec6385000 	C:\WINDOWS\WinSxS\amd64_microsoft.windows.common-controls_6595b64144ccf1df_6.0.18362.778_none_e6c6b761130d4fb8\COMCTL32.dll
0x00007ffed66f0000 - 0x00007ffed6a26000 	C:\WINDOWS\System32\combase.dll
0x00007ffed64d0000 - 0x00007ffed6550000 	C:\WINDOWS\System32\bcryptPrimitives.dll
0x00007ffed7d70000 - 0x00007ffed7d9e000 	C:\WINDOWS\System32\IMM32.DLL
0x0000000064940000 - 0x0000000064a12000 	C:\Program Files\Android\Android Studio\jre\jre\bin\msvcr100.dll
0x0000000064a20000 - 0x0000000065266000 	C:\Program Files\Android\Android Studio\jre\jre\bin\server\jvm.dll
0x00007ffed8330000 - 0x00007ffed8338000 	C:\WINDOWS\System32\PSAPI.DLL
0x00007ffed20a0000 - 0x00007ffed20a9000 	C:\WINDOWS\SYSTEM32\WSOCK32.dll
0x00007ffed12e0000 - 0x00007ffed1304000 	C:\WINDOWS\SYSTEM32\WINMM.dll
0x00007ffecec10000 - 0x00007ffecec1a000 	C:\WINDOWS\SYSTEM32\VERSION.dll
0x00007ffed7ae0000 - 0x00007ffed7b4f000 	C:\WINDOWS\System32\WS2_32.dll
0x00007ffed12b0000 - 0x00007ffed12dd000 	C:\WINDOWS\SYSTEM32\winmmbase.dll
0x00007ffed6480000 - 0x00007ffed64ca000 	C:\WINDOWS\System32\cfgmgr32.dll
0x00007ffece5e0000 - 0x00007ffece5ef000 	C:\Program Files\Android\Android Studio\jre\jre\bin\verify.dll
0x00007ffec3060000 - 0x00007ffec3089000 	C:\Program Files\Android\Android Studio\jre\jre\bin\java.dll
0x00007ffec3040000 - 0x00007ffec3056000 	C:\Program Files\Android\Android Studio\jre\jre\bin\zip.dll
0x00007ffed6e70000 - 0x00007ffed7555000 	C:\WINDOWS\System32\SHELL32.dll
0x00007ffed6b90000 - 0x00007ffed6c39000 	C:\WINDOWS\System32\shcore.dll
0x00007ffed5a80000 - 0x00007ffed6200000 	C:\WINDOWS\System32\windows.storage.dll
0x00007ffed53e0000 - 0x00007ffed5403000 	C:\WINDOWS\System32\profapi.dll
0x00007ffed5390000 - 0x00007ffed53da000 	C:\WINDOWS\System32\powrprof.dll
0x00007ffed5360000 - 0x00007ffed5370000 	C:\WINDOWS\System32\UMPDC.dll
0x00007ffed7bb0000 - 0x00007ffed7c02000 	C:\WINDOWS\System32\shlwapi.dll
0x00007ffed5410000 - 0x00007ffed5421000 	C:\WINDOWS\System32\kernel.appcore.dll
0x00007ffed5490000 - 0x00007ffed54a7000 	C:\WINDOWS\System32\cryptsp.dll
0x00007ffec3020000 - 0x00007ffec303a000 	C:\Program Files\Android\Android Studio\jre\jre\bin\net.dll
0x00007ffed4bd0000 - 0x00007ffed4c37000 	C:\WINDOWS\system32\mswsock.dll
0x00007ffec3000000 - 0x00007ffec3011000 	C:\Program Files\Android\Android Studio\jre\jre\bin\nio.dll
0x00007ffebd330000 - 0x00007ffebd356000 	C:\Users\lenovo\.gradle\native\29\windows-amd64\native-platform.dll
0x00007ffec4ae0000 - 0x00007ffec4aed000 	C:\Program Files\Android\Android Studio\jre\jre\bin\management.dll
0x00007ffed4740000 - 0x00007ffed4773000 	C:\WINDOWS\system32\rsaenh.dll
0x00007ffed5700000 - 0x00007ffed5726000 	C:\WINDOWS\System32\bcrypt.dll
0x00007ffed5280000 - 0x00007ffed52a5000 	C:\WINDOWS\SYSTEM32\USERENV.dll
0x00007ffed4da0000 - 0x00007ffed4dac000 	C:\WINDOWS\SYSTEM32\CRYPTBASE.dll
0x00007ffed48e0000 - 0x00007ffed491a000 	C:\WINDOWS\SYSTEM32\IPHLPAPI.DLL
0x00007ffed7850000 - 0x00007ffed7858000 	C:\WINDOWS\System32\NSI.dll
0x00007ffeccf50000 - 0x00007ffeccf66000 	C:\WINDOWS\SYSTEM32\dhcpcsvc6.DLL
0x00007ffecd130000 - 0x00007ffecd14c000 	C:\WINDOWS\SYSTEM32\dhcpcsvc.DLL
0x00007ffed4920000 - 0x00007ffed49ea000 	C:\WINDOWS\SYSTEM32\DNSAPI.dll
0x00007ffebf300000 - 0x00007ffebf49c000 	C:\Program Files\Android\Android Studio\jre\jre\bin\awt.dll
0x00007ffed6c40000 - 0x00007ffed6d04000 	C:\WINDOWS\System32\OLEAUT32.dll
0x00007ffed3b00000 - 0x00007ffed3b2d000 	C:\WINDOWS\SYSTEM32\dwmapi.dll
0x00007ffed2120000 - 0x00007ffed26e0000 	C:\WINDOWS\SYSTEM32\d2d1.dll
0x00007ffed3500000 - 0x00007ffed358f000 	C:\WINDOWS\SYSTEM32\apphelp.dll
0x00007ffed3640000 - 0x00007ffed36d9000 	C:\WINDOWS\system32\uxtheme.dll

VM Arguments:
jvm_args: -Xmx1536m -Dfile.encoding=GBK -Duser.country=CN -Duser.language=zh -Duser.variant 
java_command: org.gradle.launcher.daemon.bootstrap.GradleDaemon 5.4.1
java_class_path (initial): C:\Users\lenovo\.gradle\wrapper\dists\gradle-5.4.1-all\3221gyojl5jsh0helicew7rwx\gradle-5.4.1\lib\gradle-launcher-5.4.1.jar
Launcher Type: SUN_STANDARD

Environment Variables:
JAVA_HOME=D:\luanjian\jdk-12.0.1_windows-x64_bin\jdk-12.0.1
PATH=D:\luanjian\jdk-12.0.1_windows-x64_bin\jdk-12.0.1\bin;C:\windows\system32;C:\windows;C:\windows\System32\Wbem;C:\windows\System32\WindowsPowerShell\v1.0\;C:\windows\System32\OpenSSH\;C:\Program Files (x86)\NVIDIA Corporation\PhysX\Common;C:\Program Files\NVIDIA Corporation\NVIDIA NvDLISR;C:\WINDOWS\system32;C:\WINDOWS;C:\WINDOWS\System32\Wbem;C:\WINDOWS\System32\WindowsPowerShell\v1.0\;C:\WINDOWS\System32\OpenSSH\;F:\xiaoxun\Git\cmd;C:\Program Files\VisualSVN Server\bin;C:\Users\lenovo\AppData\Local\Microsoft\WindowsApps;
USERNAME=lenovo
OS=Windows_NT
PROCESSOR_IDENTIFIER=Intel64 Family 6 Model 94 Stepping 3, GenuineIntel



---------------  S Y S T E M  ---------------

OS: Windows 10.0 , 64 bit Build 18362 (10.0.18362.778)

CPU:total 8 (initial active 8) (4 cores per cpu, 2 threads per core) family 6 model 94 stepping 3, cmov, cx8, fxsr, mmx, sse, sse2, sse3, ssse3, sse4.1, sse4.2, popcnt, avx, avx2, aes, clmul, erms, rtm, 3dnowpref, lzcnt, ht, tsc, tscinvbit, bmi1, bmi2, adx

Memory: 4k page, physical 8299300k(531308k free), swap 24028064k(10732k free)

vm_info: OpenJDK 64-Bit Server VM (25.202-b03) for windows-amd64 JRE (1.8.0_202-release-1483-b03), built by "builder" with MS VC++ 10.0 (VS2010)

time: Thu Jun 11 18:48:02 2020
timezone: 中国标准时间
elapsed time: 241 seconds (0d 0h 4m 1s)

